Build started 7/21/2012 12:50:46 PM.
     1>Project "C:\sdl\prj\vc_2010\vc_2010.vcxproj" on node 2 (build target(s)).
     1>InitializeBuildStatus:
         Creating "Debug\vc_2010.unsuccessfulbuild" because "AlwaysCreate" was specified.
       ClCompile:
         c:\Program Files (x86)\Microsoft Visual Studio 10.0\VC\bin\CL.exe /c /ZI /nologo /W3 /WX- /Od /Oy- /D _MBCS /Gm /EHsc /RTC1 /MDd /GS /fp:precise /Zc:wchar_t /Zc:forScope /Fo"Debug\\" /Fd"Debug\vc100.pdb" /Gd /TP /analyze- /errorReport:prompt ..\..\src\win\main.cpp
         main.cpp
       Link:
         c:\Program Files (x86)\Microsoft Visual Studio 10.0\VC\bin\link.exe /ERRORREPORT:PROMPT /OUT:"C:\sdl\prj\vc_2010\Debug\vc_2010.exe" /NOLOGO SDL.lib SDLmain.lib kernel32.lib user32.lib gdi32.lib winspool.lib comdlg32.lib advapi32.lib shell32.lib ole32.lib oleaut32.lib uuid.lib odbc32.lib odbccp32.lib /MANIFEST /ManifestFile:"Debug\vc_2010.exe.intermediate.manifest" /MANIFESTUAC:"level='asInvoker' uiAccess='false'" /DEBUG /PDB:"C:\sdl\prj\vc_2010\Debug\vc_2010.pdb" /SUBSYSTEM:WINDOWS /TLBID:1 /DYNAMICBASE /NXCOMPAT /IMPLIB:"C:\sdl\prj\vc_2010\Debug\vc_2010.lib" /MACHINE:X86 Debug\main.obj
         LINK : C:\sdl\prj\vc_2010\Debug\vc_2010.exe not found or not built by the last incremental link; performing full link
     1>MSVCRTD.lib(cinitexe.obj) : warning LNK4098: defaultlib 'msvcrt.lib' conflicts with use of other libs; use /NODEFAULTLIB:library
         vc_2010.vcxproj -> C:\sdl\prj\vc_2010\Debug\vc_2010.exe
       Manifest:
         C:\Program Files (x86)\Microsoft SDKs\Windows\v7.0A\bin\mt.exe /nologo /verbose /outputresource:"C:\sdl\prj\vc_2010\Debug\vc_2010.exe;#1" /manifest Debug\vc_2010.exe.intermediate.manifest
       FinalizeBuildStatus:
         Deleting file "Debug\vc_2010.unsuccessfulbuild".
         Touching "Debug\vc_2010.lastbuildstate".
     1>Done Building Project "C:\sdl\prj\vc_2010\vc_2010.vcxproj" (build target(s)).

Build succeeded.

Time Elapsed 00:00:00.28
